<?xml version="1.0" encoding="UTF-8"?>
<!-- Generated by org.testng.reporters.JUnitReportReporter -->
<testsuite hostname="a29879c3c9735dd" failures="0" tests="1" name="tests.swagLabsTest" time="62.311" errors="0" timestamp="2023-12-15T09:07:53 IST" skipped="0">
  <testcase classname="tests.swagLabsTest" name="verifySauceDemo_ThankYouOrderTest" time="62.311"/>
  <system-out/>
</testsuite> <!-- tests.swagLabsTest -->
