<?xml version="1.0" encoding="UTF-8"?>
<!-- Generated by org.testng.reporters.JUnitReportReporter -->
<testsuite hostname="LAPTOP-0Q33G18U" failures="0" tests="1" name="tests.swagLabsTest" time="62.010" errors="0" timestamp="2023-12-13T10:04:52 IST" skipped="0">
  <testcase classname="tests.swagLabsTest" name="verifySauceDemo_ThankYouOrderTest" time="62.010"/>
  <system-out/>
</testsuite> <!-- tests.swagLabsTest -->
